[2025-06-09 16:15:45,123] INFO [Broker id=1] Transitioning 1 partition(s) to local leaders. (state.change.logger)
[2025-06-09 16:15:45,130] INFO [Broker id=1] Creating new partition uji-coba-0 with topic id nQac6oHFQiWbKW0lYyMqUw. (state.change.logger)
[2025-06-09 16:15:45,236] INFO [Broker id=1] Leader uji-coba-0 with topic id Some(nQac6oHFQiWbKW0lYyMqUw) starts at leader epoch 0 from offset 0 with partition epoch 0, high watermark 0, ISR [1], adding replicas [] and removing replicas [] . Previous leader None and previous leader epoch was -1. (state.change.logger)
[2025-06-09 16:16:54,780] INFO [Broker id=1] Transitioning 50 partition(s) to local leaders. (state.change.logger)
[2025-06-09 16:16:54,780] INFO [Broker id=1] Creating new partition __consumer_offsets-13 with topic id 0qkN59DJSTSVepRv3zND0A. (state.change.logger)
[2025-06-09 16:16:54,898] INFO [Broker id=1] Leader __consumer_offsets-13 with topic id Some(0qkN59DJSTSVepRv3zND0A) starts at leader epoch 0 from offset 0 with partition epoch 0, high watermark 0, ISR [1], adding replicas [] and removing replicas [] . Previous leader None and previous leader epoch was -1. (state.change.logger)
[2025-06-09 16:16:54,993] INFO [Broker id=1] Creating new partition __consumer_offsets-46 with topic id 0qkN59DJSTSVepRv3zND0A. (state.change.logger)
[2025-06-09 16:16:55,002] INFO [Broker id=1] Leader __consumer_offsets-46 with topic id Some(0qkN59DJSTSVepRv3zND0A) starts at leader epoch 0 from offset 0 with partition epoch 0, high watermark 0, ISR [1], adding replicas [] and removing replicas [] . Previous leader None and previous leader epoch was -1. (state.change.logger)
[2025-06-09 16:16:55,217] INFO [Broker id=1] Creating new partition __consumer_offsets-9 with topic id 0qkN59DJSTSVepRv3zND0A. (state.change.logger)
[2025-06-09 16:16:55,245] INFO [Broker id=1] Leader __consumer_offsets-9 with topic id Some(0qkN59DJSTSVepRv3zND0A) starts at leader epoch 0 from offset 0 with partition epoch 0, high watermark 0, ISR [1], adding replicas [] and removing replicas [] . Previous leader None and previous leader epoch was -1. (state.change.logger)
[2025-06-09 16:16:55,379] INFO [Broker id=1] Creating new partition __consumer_offsets-42 with topic id 0qkN59DJSTSVepRv3zND0A. (state.change.logger)
[2025-06-09 16:16:55,388] INFO [Broker id=1] Leader __consumer_offsets-42 with topic id Some(0qkN59DJSTSVepRv3zND0A) starts at leader epoch 0 from offset 0 with partition epoch 0, high watermark 0, ISR [1], adding replicas [] and removing replicas [] . Previous leader None and previous leader epoch was -1. (state.change.logger)
[2025-06-09 16:16:55,509] INFO [Broker id=1] Creating new partition __consumer_offsets-21 with topic id 0qkN59DJSTSVepRv3zND0A. (state.change.logger)
[2025-06-09 16:16:55,518] INFO [Broker id=1] Leader __consumer_offsets-21 with topic id Some(0qkN59DJSTSVepRv3zND0A) starts at leader epoch 0 from offset 0 with partition epoch 0, high watermark 0, ISR [1], adding replicas [] and removing replicas [] . Previous leader None and previous leader epoch was -1. (state.change.logger)
[2025-06-09 16:16:55,668] INFO [Broker id=1] Creating new partition __consumer_offsets-17 with topic id 0qkN59DJSTSVepRv3zND0A. (state.change.logger)
[2025-06-09 16:16:55,677] INFO [Broker id=1] Leader __consumer_offsets-17 with topic id Some(0qkN59DJSTSVepRv3zND0A) starts at leader epoch 0 from offset 0 with partition epoch 0, high watermark 0, ISR [1], adding replicas [] and removing replicas [] . Previous leader None and previous leader epoch was -1. (state.change.logger)
[2025-06-09 16:16:55,823] INFO [Broker id=1] Creating new partition __consumer_offsets-30 with topic id 0qkN59DJSTSVepRv3zND0A. (state.change.logger)
[2025-06-09 16:16:55,844] INFO [Broker id=1] Leader __consumer_offsets-30 with topic id Some(0qkN59DJSTSVepRv3zND0A) starts at leader epoch 0 from offset 0 with partition epoch 0, high watermark 0, ISR [1], adding replicas [] and removing replicas [] . Previous leader None and previous leader epoch was -1. (state.change.logger)
[2025-06-09 16:16:55,973] INFO [Broker id=1] Creating new partition __consumer_offsets-26 with topic id 0qkN59DJSTSVepRv3zND0A. (state.change.logger)
[2025-06-09 16:16:55,984] INFO [Broker id=1] Leader __consumer_offsets-26 with topic id Some(0qkN59DJSTSVepRv3zND0A) starts at leader epoch 0 from offset 0 with partition epoch 0, high watermark 0, ISR [1], adding replicas [] and removing replicas [] . Previous leader None and previous leader epoch was -1. (state.change.logger)
[2025-06-09 16:16:56,165] INFO [Broker id=1] Creating new partition __consumer_offsets-5 with topic id 0qkN59DJSTSVepRv3zND0A. (state.change.logger)
[2025-06-09 16:16:56,174] INFO [Broker id=1] Leader __consumer_offsets-5 with topic id Some(0qkN59DJSTSVepRv3zND0A) starts at leader epoch 0 from offset 0 with partition epoch 0, high watermark 0, ISR [1], adding replicas [] and removing replicas [] . Previous leader None and previous leader epoch was -1. (state.change.logger)
[2025-06-09 16:16:56,313] INFO [Broker id=1] Creating new partition __consumer_offsets-38 with topic id 0qkN59DJSTSVepRv3zND0A. (state.change.logger)
[2025-06-09 16:16:56,324] INFO [Broker id=1] Leader __consumer_offsets-38 with topic id Some(0qkN59DJSTSVepRv3zND0A) starts at leader epoch 0 from offset 0 with partition epoch 0, high watermark 0, ISR [1], adding replicas [] and removing replicas [] . Previous leader None and previous leader epoch was -1. (state.change.logger)
[2025-06-09 16:16:56,464] INFO [Broker id=1] Creating new partition __consumer_offsets-1 with topic id 0qkN59DJSTSVepRv3zND0A. (state.change.logger)
[2025-06-09 16:16:56,473] INFO [Broker id=1] Leader __consumer_offsets-1 with topic id Some(0qkN59DJSTSVepRv3zND0A) starts at leader epoch 0 from offset 0 with partition epoch 0, high watermark 0, ISR [1], adding replicas [] and removing replicas [] . Previous leader None and previous leader epoch was -1. (state.change.logger)
[2025-06-09 16:16:56,653] INFO [Broker id=1] Creating new partition __consumer_offsets-34 with topic id 0qkN59DJSTSVepRv3zND0A. (state.change.logger)
[2025-06-09 16:16:56,699] INFO [Broker id=1] Leader __consumer_offsets-34 with topic id Some(0qkN59DJSTSVepRv3zND0A) starts at leader epoch 0 from offset 0 with partition epoch 0, high watermark 0, ISR [1], adding replicas [] and removing replicas [] . Previous leader None and previous leader epoch was -1. (state.change.logger)
[2025-06-09 16:16:56,851] INFO [Broker id=1] Creating new partition __consumer_offsets-16 with topic id 0qkN59DJSTSVepRv3zND0A. (state.change.logger)
[2025-06-09 16:16:56,860] INFO [Broker id=1] Leader __consumer_offsets-16 with topic id Some(0qkN59DJSTSVepRv3zND0A) starts at leader epoch 0 from offset 0 with partition epoch 0, high watermark 0, ISR [1], adding replicas [] and removing replicas [] . Previous leader None and previous leader epoch was -1. (state.change.logger)
[2025-06-09 16:16:56,991] INFO [Broker id=1] Creating new partition __consumer_offsets-45 with topic id 0qkN59DJSTSVepRv3zND0A. (state.change.logger)
[2025-06-09 16:16:56,999] INFO [Broker id=1] Leader __consumer_offsets-45 with topic id Some(0qkN59DJSTSVepRv3zND0A) starts at leader epoch 0 from offset 0 with partition epoch 0, high watermark 0, ISR [1], adding replicas [] and removing replicas [] . Previous leader None and previous leader epoch was -1. (state.change.logger)
[2025-06-09 16:16:57,194] INFO [Broker id=1] Creating new partition __consumer_offsets-12 with topic id 0qkN59DJSTSVepRv3zND0A. (state.change.logger)
[2025-06-09 16:16:57,202] INFO [Broker id=1] Leader __consumer_offsets-12 with topic id Some(0qkN59DJSTSVepRv3zND0A) starts at leader epoch 0 from offset 0 with partition epoch 0, high watermark 0, ISR [1], adding replicas [] and removing replicas [] . Previous leader None and previous leader epoch was -1. (state.change.logger)
[2025-06-09 16:16:57,340] INFO [Broker id=1] Creating new partition __consumer_offsets-41 with topic id 0qkN59DJSTSVepRv3zND0A. (state.change.logger)
[2025-06-09 16:16:57,353] INFO [Broker id=1] Leader __consumer_offsets-41 with topic id Some(0qkN59DJSTSVepRv3zND0A) starts at leader epoch 0 from offset 0 with partition epoch 0, high watermark 0, ISR [1], adding replicas [] and removing replicas [] . Previous leader None and previous leader epoch was -1. (state.change.logger)
[2025-06-09 16:16:57,489] INFO [Broker id=1] Creating new partition __consumer_offsets-24 with topic id 0qkN59DJSTSVepRv3zND0A. (state.change.logger)
[2025-06-09 16:16:57,542] INFO [Broker id=1] Leader __consumer_offsets-24 with topic id Some(0qkN59DJSTSVepRv3zND0A) starts at leader epoch 0 from offset 0 with partition epoch 0, high watermark 0, ISR [1], adding replicas [] and removing replicas [] . Previous leader None and previous leader epoch was -1. (state.change.logger)
[2025-06-09 16:16:57,753] INFO [Broker id=1] Creating new partition __consumer_offsets-20 with topic id 0qkN59DJSTSVepRv3zND0A. (state.change.logger)
[2025-06-09 16:16:57,761] INFO [Broker id=1] Leader __consumer_offsets-20 with topic id Some(0qkN59DJSTSVepRv3zND0A) starts at leader epoch 0 from offset 0 with partition epoch 0, high watermark 0, ISR [1], adding replicas [] and removing replicas [] . Previous leader None and previous leader epoch was -1. (state.change.logger)
[2025-06-09 16:16:57,921] INFO [Broker id=1] Creating new partition __consumer_offsets-49 with topic id 0qkN59DJSTSVepRv3zND0A. (state.change.logger)
[2025-06-09 16:16:57,934] INFO [Broker id=1] Leader __consumer_offsets-49 with topic id Some(0qkN59DJSTSVepRv3zND0A) starts at leader epoch 0 from offset 0 with partition epoch 0, high watermark 0, ISR [1], adding replicas [] and removing replicas [] . Previous leader None and previous leader epoch was -1. (state.change.logger)
[2025-06-09 16:16:58,084] INFO [Broker id=1] Creating new partition __consumer_offsets-0 with topic id 0qkN59DJSTSVepRv3zND0A. (state.change.logger)
[2025-06-09 16:16:58,130] INFO [Broker id=1] Leader __consumer_offsets-0 with topic id Some(0qkN59DJSTSVepRv3zND0A) starts at leader epoch 0 from offset 0 with partition epoch 0, high watermark 0, ISR [1], adding replicas [] and removing replicas [] . Previous leader None and previous leader epoch was -1. (state.change.logger)
[2025-06-09 16:16:58,275] INFO [Broker id=1] Creating new partition __consumer_offsets-29 with topic id 0qkN59DJSTSVepRv3zND0A. (state.change.logger)
[2025-06-09 16:16:58,284] INFO [Broker id=1] Leader __consumer_offsets-29 with topic id Some(0qkN59DJSTSVepRv3zND0A) starts at leader epoch 0 from offset 0 with partition epoch 0, high watermark 0, ISR [1], adding replicas [] and removing replicas [] . Previous leader None and previous leader epoch was -1. (state.change.logger)
[2025-06-09 16:16:58,415] INFO [Broker id=1] Creating new partition __consumer_offsets-25 with topic id 0qkN59DJSTSVepRv3zND0A. (state.change.logger)
[2025-06-09 16:16:58,423] INFO [Broker id=1] Leader __consumer_offsets-25 with topic id Some(0qkN59DJSTSVepRv3zND0A) starts at leader epoch 0 from offset 0 with partition epoch 0, high watermark 0, ISR [1], adding replicas [] and removing replicas [] . Previous leader None and previous leader epoch was -1. (state.change.logger)
[2025-06-09 16:16:58,567] INFO [Broker id=1] Creating new partition __consumer_offsets-8 with topic id 0qkN59DJSTSVepRv3zND0A. (state.change.logger)
[2025-06-09 16:16:58,639] INFO [Broker id=1] Leader __consumer_offsets-8 with topic id Some(0qkN59DJSTSVepRv3zND0A) starts at leader epoch 0 from offset 0 with partition epoch 0, high watermark 0, ISR [1], adding replicas [] and removing replicas [] . Previous leader None and previous leader epoch was -1. (state.change.logger)
[2025-06-09 16:16:58,774] INFO [Broker id=1] Creating new partition __consumer_offsets-37 with topic id 0qkN59DJSTSVepRv3zND0A. (state.change.logger)
[2025-06-09 16:16:58,782] INFO [Broker id=1] Leader __consumer_offsets-37 with topic id Some(0qkN59DJSTSVepRv3zND0A) starts at leader epoch 0 from offset 0 with partition epoch 0, high watermark 0, ISR [1], adding replicas [] and removing replicas [] . Previous leader None and previous leader epoch was -1. (state.change.logger)
[2025-06-09 16:16:58,914] INFO [Broker id=1] Creating new partition __consumer_offsets-4 with topic id 0qkN59DJSTSVepRv3zND0A. (state.change.logger)
[2025-06-09 16:16:58,927] INFO [Broker id=1] Leader __consumer_offsets-4 with topic id Some(0qkN59DJSTSVepRv3zND0A) starts at leader epoch 0 from offset 0 with partition epoch 0, high watermark 0, ISR [1], adding replicas [] and removing replicas [] . Previous leader None and previous leader epoch was -1. (state.change.logger)
[2025-06-09 16:16:59,066] INFO [Broker id=1] Creating new partition __consumer_offsets-33 with topic id 0qkN59DJSTSVepRv3zND0A. (state.change.logger)
[2025-06-09 16:16:59,109] INFO [Broker id=1] Leader __consumer_offsets-33 with topic id Some(0qkN59DJSTSVepRv3zND0A) starts at leader epoch 0 from offset 0 with partition epoch 0, high watermark 0, ISR [1], adding replicas [] and removing replicas [] . Previous leader None and previous leader epoch was -1. (state.change.logger)
[2025-06-09 16:16:59,279] INFO [Broker id=1] Creating new partition __consumer_offsets-15 with topic id 0qkN59DJSTSVepRv3zND0A. (state.change.logger)
[2025-06-09 16:16:59,288] INFO [Broker id=1] Leader __consumer_offsets-15 with topic id Some(0qkN59DJSTSVepRv3zND0A) starts at leader epoch 0 from offset 0 with partition epoch 0, high watermark 0, ISR [1], adding replicas [] and removing replicas [] . Previous leader None and previous leader epoch was -1. (state.change.logger)
[2025-06-09 16:16:59,452] INFO [Broker id=1] Creating new partition __consumer_offsets-48 with topic id 0qkN59DJSTSVepRv3zND0A. (state.change.logger)
[2025-06-09 16:16:59,461] INFO [Broker id=1] Leader __consumer_offsets-48 with topic id Some(0qkN59DJSTSVepRv3zND0A) starts at leader epoch 0 from offset 0 with partition epoch 0, high watermark 0, ISR [1], adding replicas [] and removing replicas [] . Previous leader None and previous leader epoch was -1. (state.change.logger)
[2025-06-09 16:16:59,650] INFO [Broker id=1] Creating new partition __consumer_offsets-11 with topic id 0qkN59DJSTSVepRv3zND0A. (state.change.logger)
[2025-06-09 16:16:59,697] INFO [Broker id=1] Leader __consumer_offsets-11 with topic id Some(0qkN59DJSTSVepRv3zND0A) starts at leader epoch 0 from offset 0 with partition epoch 0, high watermark 0, ISR [1], adding replicas [] and removing replicas [] . Previous leader None and previous leader epoch was -1. (state.change.logger)
[2025-06-09 16:16:59,845] INFO [Broker id=1] Creating new partition __consumer_offsets-44 with topic id 0qkN59DJSTSVepRv3zND0A. (state.change.logger)
[2025-06-09 16:16:59,853] INFO [Broker id=1] Leader __consumer_offsets-44 with topic id Some(0qkN59DJSTSVepRv3zND0A) starts at leader epoch 0 from offset 0 with partition epoch 0, high watermark 0, ISR [1], adding replicas [] and removing replicas [] . Previous leader None and previous leader epoch was -1. (state.change.logger)
[2025-06-09 16:17:00,984] INFO [Broker id=1] Creating new partition __consumer_offsets-23 with topic id 0qkN59DJSTSVepRv3zND0A. (state.change.logger)
[2025-06-09 16:17:01,041] INFO [Broker id=1] Leader __consumer_offsets-23 with topic id Some(0qkN59DJSTSVepRv3zND0A) starts at leader epoch 0 from offset 0 with partition epoch 0, high watermark 0, ISR [1], adding replicas [] and removing replicas [] . Previous leader None and previous leader epoch was -1. (state.change.logger)
[2025-06-09 16:17:01,248] INFO [Broker id=1] Creating new partition __consumer_offsets-19 with topic id 0qkN59DJSTSVepRv3zND0A. (state.change.logger)
[2025-06-09 16:17:01,255] INFO [Broker id=1] Leader __consumer_offsets-19 with topic id Some(0qkN59DJSTSVepRv3zND0A) starts at leader epoch 0 from offset 0 with partition epoch 0, high watermark 0, ISR [1], adding replicas [] and removing replicas [] . Previous leader None and previous leader epoch was -1. (state.change.logger)
[2025-06-09 16:17:01,399] INFO [Broker id=1] Creating new partition __consumer_offsets-32 with topic id 0qkN59DJSTSVepRv3zND0A. (state.change.logger)
[2025-06-09 16:17:01,426] INFO [Broker id=1] Leader __consumer_offsets-32 with topic id Some(0qkN59DJSTSVepRv3zND0A) starts at leader epoch 0 from offset 0 with partition epoch 0, high watermark 0, ISR [1], adding replicas [] and removing replicas [] . Previous leader None and previous leader epoch was -1. (state.change.logger)
[2025-06-09 16:17:01,561] INFO [Broker id=1] Creating new partition __consumer_offsets-28 with topic id 0qkN59DJSTSVepRv3zND0A. (state.change.logger)
[2025-06-09 16:17:01,621] INFO [Broker id=1] Leader __consumer_offsets-28 with topic id Some(0qkN59DJSTSVepRv3zND0A) starts at leader epoch 0 from offset 0 with partition epoch 0, high watermark 0, ISR [1], adding replicas [] and removing replicas [] . Previous leader None and previous leader epoch was -1. (state.change.logger)
[2025-06-09 16:17:01,762] INFO [Broker id=1] Creating new partition __consumer_offsets-7 with topic id 0qkN59DJSTSVepRv3zND0A. (state.change.logger)
[2025-06-09 16:17:01,770] INFO [Broker id=1] Leader __consumer_offsets-7 with topic id Some(0qkN59DJSTSVepRv3zND0A) starts at leader epoch 0 from offset 0 with partition epoch 0, high watermark 0, ISR [1], adding replicas [] and removing replicas [] . Previous leader None and previous leader epoch was -1. (state.change.logger)
[2025-06-09 16:17:01,947] INFO [Broker id=1] Creating new partition __consumer_offsets-40 with topic id 0qkN59DJSTSVepRv3zND0A. (state.change.logger)
[2025-06-09 16:17:01,957] INFO [Broker id=1] Leader __consumer_offsets-40 with topic id Some(0qkN59DJSTSVepRv3zND0A) starts at leader epoch 0 from offset 0 with partition epoch 0, high watermark 0, ISR [1], adding replicas [] and removing replicas [] . Previous leader None and previous leader epoch was -1. (state.change.logger)
[2025-06-09 16:17:02,305] INFO [Broker id=1] Creating new partition __consumer_offsets-3 with topic id 0qkN59DJSTSVepRv3zND0A. (state.change.logger)
[2025-06-09 16:17:02,323] INFO [Broker id=1] Leader __consumer_offsets-3 with topic id Some(0qkN59DJSTSVepRv3zND0A) starts at leader epoch 0 from offset 0 with partition epoch 0, high watermark 0, ISR [1], adding replicas [] and removing replicas [] . Previous leader None and previous leader epoch was -1. (state.change.logger)
[2025-06-09 16:17:02,444] INFO [Broker id=1] Creating new partition __consumer_offsets-36 with topic id 0qkN59DJSTSVepRv3zND0A. (state.change.logger)
[2025-06-09 16:17:02,471] INFO [Broker id=1] Leader __consumer_offsets-36 with topic id Some(0qkN59DJSTSVepRv3zND0A) starts at leader epoch 0 from offset 0 with partition epoch 0, high watermark 0, ISR [1], adding replicas [] and removing replicas [] . Previous leader None and previous leader epoch was -1. (state.change.logger)
[2025-06-09 16:17:02,660] INFO [Broker id=1] Creating new partition __consumer_offsets-47 with topic id 0qkN59DJSTSVepRv3zND0A. (state.change.logger)
[2025-06-09 16:17:02,667] INFO [Broker id=1] Leader __consumer_offsets-47 with topic id Some(0qkN59DJSTSVepRv3zND0A) starts at leader epoch 0 from offset 0 with partition epoch 0, high watermark 0, ISR [1], adding replicas [] and removing replicas [] . Previous leader None and previous leader epoch was -1. (state.change.logger)
[2025-06-09 16:17:02,820] INFO [Broker id=1] Creating new partition __consumer_offsets-14 with topic id 0qkN59DJSTSVepRv3zND0A. (state.change.logger)
[2025-06-09 16:17:02,827] INFO [Broker id=1] Leader __consumer_offsets-14 with topic id Some(0qkN59DJSTSVepRv3zND0A) starts at leader epoch 0 from offset 0 with partition epoch 0, high watermark 0, ISR [1], adding replicas [] and removing replicas [] . Previous leader None and previous leader epoch was -1. (state.change.logger)
[2025-06-09 16:17:02,971] INFO [Broker id=1] Creating new partition __consumer_offsets-43 with topic id 0qkN59DJSTSVepRv3zND0A. (state.change.logger)
[2025-06-09 16:17:02,978] INFO [Broker id=1] Leader __consumer_offsets-43 with topic id Some(0qkN59DJSTSVepRv3zND0A) starts at leader epoch 0 from offset 0 with partition epoch 0, high watermark 0, ISR [1], adding replicas [] and removing replicas [] . Previous leader None and previous leader epoch was -1. (state.change.logger)
[2025-06-09 16:17:03,145] INFO [Broker id=1] Creating new partition __consumer_offsets-10 with topic id 0qkN59DJSTSVepRv3zND0A. (state.change.logger)
[2025-06-09 16:17:03,223] INFO [Broker id=1] Leader __consumer_offsets-10 with topic id Some(0qkN59DJSTSVepRv3zND0A) starts at leader epoch 0 from offset 0 with partition epoch 0, high watermark 0, ISR [1], adding replicas [] and removing replicas [] . Previous leader None and previous leader epoch was -1. (state.change.logger)
[2025-06-09 16:17:03,357] INFO [Broker id=1] Creating new partition __consumer_offsets-22 with topic id 0qkN59DJSTSVepRv3zND0A. (state.change.logger)
[2025-06-09 16:17:03,365] INFO [Broker id=1] Leader __consumer_offsets-22 with topic id Some(0qkN59DJSTSVepRv3zND0A) starts at leader epoch 0 from offset 0 with partition epoch 0, high watermark 0, ISR [1], adding replicas [] and removing replicas [] . Previous leader None and previous leader epoch was -1. (state.change.logger)
[2025-06-09 16:17:03,520] INFO [Broker id=1] Creating new partition __consumer_offsets-18 with topic id 0qkN59DJSTSVepRv3zND0A. (state.change.logger)
[2025-06-09 16:17:03,530] INFO [Broker id=1] Leader __consumer_offsets-18 with topic id Some(0qkN59DJSTSVepRv3zND0A) starts at leader epoch 0 from offset 0 with partition epoch 0, high watermark 0, ISR [1], adding replicas [] and removing replicas [] . Previous leader None and previous leader epoch was -1. (state.change.logger)
[2025-06-09 16:17:03,699] INFO [Broker id=1] Creating new partition __consumer_offsets-31 with topic id 0qkN59DJSTSVepRv3zND0A. (state.change.logger)
[2025-06-09 16:17:03,707] INFO [Broker id=1] Leader __consumer_offsets-31 with topic id Some(0qkN59DJSTSVepRv3zND0A) starts at leader epoch 0 from offset 0 with partition epoch 0, high watermark 0, ISR [1], adding replicas [] and removing replicas [] . Previous leader None and previous leader epoch was -1. (state.change.logger)
[2025-06-09 16:17:03,833] INFO [Broker id=1] Creating new partition __consumer_offsets-27 with topic id 0qkN59DJSTSVepRv3zND0A. (state.change.logger)
[2025-06-09 16:17:03,843] INFO [Broker id=1] Leader __consumer_offsets-27 with topic id Some(0qkN59DJSTSVepRv3zND0A) starts at leader epoch 0 from offset 0 with partition epoch 0, high watermark 0, ISR [1], adding replicas [] and removing replicas [] . Previous leader None and previous leader epoch was -1. (state.change.logger)
[2025-06-09 16:17:04,007] INFO [Broker id=1] Creating new partition __consumer_offsets-39 with topic id 0qkN59DJSTSVepRv3zND0A. (state.change.logger)
[2025-06-09 16:17:04,018] INFO [Broker id=1] Leader __consumer_offsets-39 with topic id Some(0qkN59DJSTSVepRv3zND0A) starts at leader epoch 0 from offset 0 with partition epoch 0, high watermark 0, ISR [1], adding replicas [] and removing replicas [] . Previous leader None and previous leader epoch was -1. (state.change.logger)
[2025-06-09 16:17:04,173] INFO [Broker id=1] Creating new partition __consumer_offsets-6 with topic id 0qkN59DJSTSVepRv3zND0A. (state.change.logger)
[2025-06-09 16:17:04,188] INFO [Broker id=1] Leader __consumer_offsets-6 with topic id Some(0qkN59DJSTSVepRv3zND0A) starts at leader epoch 0 from offset 0 with partition epoch 0, high watermark 0, ISR [1], adding replicas [] and removing replicas [] . Previous leader None and previous leader epoch was -1. (state.change.logger)
[2025-06-09 16:17:04,331] INFO [Broker id=1] Creating new partition __consumer_offsets-35 with topic id 0qkN59DJSTSVepRv3zND0A. (state.change.logger)
[2025-06-09 16:17:04,339] INFO [Broker id=1] Leader __consumer_offsets-35 with topic id Some(0qkN59DJSTSVepRv3zND0A) starts at leader epoch 0 from offset 0 with partition epoch 0, high watermark 0, ISR [1], adding replicas [] and removing replicas [] . Previous leader None and previous leader epoch was -1. (state.change.logger)
[2025-06-09 16:17:04,494] INFO [Broker id=1] Creating new partition __consumer_offsets-2 with topic id 0qkN59DJSTSVepRv3zND0A. (state.change.logger)
[2025-06-09 16:17:04,503] INFO [Broker id=1] Leader __consumer_offsets-2 with topic id Some(0qkN59DJSTSVepRv3zND0A) starts at leader epoch 0 from offset 0 with partition epoch 0, high watermark 0, ISR [1], adding replicas [] and removing replicas [] . Previous leader None and previous leader epoch was -1. (state.change.logger)
